<?xml version="1.0" encoding="UTF-8"?>
<!-- Generated by org.testng.reporters.JUnitReportReporter -->
<testsuite skipped="1" hostname="priyam" name="com.automation.testcases.SearchTest2" tests="1" failures="0" timestamp="25 Feb 2019 20:59:59 GMT" time="0.000" errors="0">
  <testcase name="SearchTestTestCase002" time="0.000" classname="com.automation.testcases.SearchTest2">
    <skipped/>
  </testcase> <!-- SearchTestTestCase002 -->
</testsuite> <!-- com.automation.testcases.SearchTest2 -->
